<?xml version="1.0" encoding="utf-8"?>
<TestRun id="e66305bc-c161-4a86-bcc6-9111b75bf412" name="Omar.Qaid@IKK-IT-JD-L-OMQ 2026-09-17 09:45:10" runUser="IKK-IT-JD-L-OMQ\CodexSandboxOffline" xmlns="http://microsoft.com/schemas/VisualStudio/TeamTest/2010">
  <Times creation="2026-09-17T09:45:10.6416644+03:00" queuing="2026-09-17T09:45:10.6416650+03:00" start="2026-09-17T09:45:09.1053652+03:00" finish="2026-09-17T09:45:21.2687865+03:00" />
  <TestSettings name="default" id="a56b68eb-ae61-4abb-ae94-07b3fbb81d7a">
    <Deployment runDeploymentRoot="Omar.Qaid_IKK-IT-JD-L-OMQ_2026-09-17_09_45_10" />
  </TestSettings>
  <Results>
    <UnitTestResult executionId="3ce56693-d611-4076-90db-8f9a13eff81a" testId="ee1419f2-ae40-30d3-d8da-2a4ecb595fe3" testName="IAX.IXApi.Tests.AuthorizationPolicyTests.Permission_handler_uses_current_database_permissions" computerName="IKK-IT-JD-L-OMQ" duration="00:00:00.0208942" startTime="2026-09-17T09:45:10.4709710+03:00" endTime="2026-09-17T09:45:10.5011394+03:00" testType="13cdc9d9-ddb5-4fa4-a97d-d965ccfc6d4b" outcome="Passed" testListId="8c84fa94-04c1-424b-9868-57a2d4851a1d" relativeResultsDirectory="3ce56693-d611-4076-90db-8f9a13eff81a" />
    <UnitTestResult executionId="a7cb1089-d250-4502-a27c-96cdc5802b10" testId="935ed501-9866-ce74-e131-5d268d704fa3" testName="IAX.IXApi.Tests.CompanyIsolationTests.Legacy_authenticated_users_without_company_claims_are_limited_to_dat" computerName="IKK-IT-JD-L-OMQ" duration="00:00:00.0002854" startTime="2026-09-17T09:45:10.6307404+03:00" endTime="2026-09-17T09:45:10.6308292+03:00" testType="13cdc9d9-ddb5-4fa4-a97d-d965ccfc6d4b" outcome="Passed" testListId="8c84fa94-04c1-424b-9868-57a2d4851a1d" relativeResultsDirectory="a7cb1089-d250-4502-a27c-96cdc5802b10" />
    <UnitTestResult executionId="23954687-106f-42cd-9a9b-7f9f5279a532" testId="6109f09e-b3e1-00db-d201-0d47c995bb53" testName="IAX.IXApi.Tests.CompanyIsolationTests.Malformed_company_header_is_rejected(requestedCompany: &quot;dat;DROP TABLE Users&quot;)" computerName="IKK-IT-JD-L-OMQ" duration="00:00:00.0025285" startTime="2026-09-17T09:45:10.5692116+03:00" endTime="2026-09-17T09:45:10.5693075+03:00" testType="13cdc9d9-ddb5-4fa4-a97d-d965ccfc6d4b" outcome="Passed" testListId="8c84fa94-04c1-424b-9868-57a2d4851a1d" relativeResultsDirectory="23954687-106f-42cd-9a9b-7f9f5279a532" />
    <UnitTestResult executionId="c08fd574-81f5-4f67-a0af-d9949ad5d0d9" testId="e14e804c-e535-edeb-2b44-fc80c8aabb1f" testName="IAX.IXApi.Tests.McpContractDiscoveryTests.Permission_metadata_uses_the_execution_mapping(method: &quot;post&quot;, action: &quot;Create&quot;)" computerName="IKK-IT-JD-L-OMQ" duration="00:00:00.0003017" startTime="2026-09-17T09:45:10.5145451+03:00" endTime="2026-09-17T09:45:10.5157246+03:00" testType="13cdc9d9-ddb5-4fa4-a97d-d965ccfc6d4b" outcome="Passed" testListId="8c84fa94-04c1-424b-9868-57a2d4851a1d" relativeResultsDirectory="c08fd574-81f5-4f67-a0af-d9949ad5d0d9" />
    <UnitTestResult executionId="088b08d5-4ab4-42f6-819f-416a7eaa15ef" testId="089ad025-5f88-3ff4-6f2c-b50a40bc23ee" testName="IAX.IXApi.Tests.CompanyIsolationTests.Unauthorized_company_header_cannot_change_execution_context" computerName="IKK-IT-JD-L-OMQ" duration="00:00:00.0001945" startTime="2026-09-17T09:45:10.6310382+03:00" endTime="2026-09-17T09:45:10.6311217+03:00" testType="13cdc9d9-ddb5-4fa4-a97d-d965ccfc6d4b" outcome="Passed" testListId="8c84fa94-04c1-424b-9868-57a2d4851a1d" relativeResultsDirectory="088b08d5-4ab4-42f6-819f-416a7eaa15ef" />
    <UnitTestResult executionId="5bb59907-c094-4d09-8554-504284535362" testId="5161b683-ef0f-e298-ea17-c7c34c4cb41d" testName="IAX.IXApi.Tests.CompanyIsolationTests.Authorized_company_header_selects_matching_claim" computerName="IKK-IT-JD-L-OMQ" duration="00:00:00.0001708" startTime="2026-09-17T09:45:10.6313463+03:00" endTime="2026-09-17T09:45:10.6314519+03:00" testType="13cdc9d9-ddb5-4fa4-a97d-d965ccfc6d4b" outcome="Passed" testListId="8c84fa94-04c1-424b-9868-57a2d4851a1d" relativeResultsDirectory="5bb59907-c094-4d09-8554-504284535362" />
    <UnitTestResult executionId="1723c227-9a4a-4c0d-89e9-b65a699f9593" testId="b0a2737b-d115-4824-6448-090412fdf8f9" testName="IAX.IXApi.Tests.CompanyIsolationTests.Administrator_can_select_any_well_formed_company(role: &quot;SystemAdmin&quot;)" computerName="IKK-IT-JD-L-OMQ" duration="00:00:00.0004417" startTime="2026-09-17T09:45:10.6266088+03:00" endTime="2026-09-17T09:45:10.6267091+03:00" testType="13cdc9d9-ddb5-4fa4-a97d-d965ccfc6d4b" outcome="Passed" testListId="8c84fa94-04c1-424b-9868-57a2d4851a1d" relativeResultsDirectory="1723c227-9a4a-4c0d-89e9-b65a699f9593" />
    <UnitTestResult executionId="67b688b2-27db-43bc-99b4-b9aad4c4d04c" testId="771770ab-99e4-d8c8-d160-4f1ea20ebd43" testName="IAX.IXApi.Tests.AuthorizationPolicyTests.Seeded_permission_resources_are_well_formed_and_cover_known_contracts" computerName="IKK-IT-JD-L-OMQ" duration="00:00:00.0220874" startTime="2026-09-17T09:45:10.6338049+03:00" endTime="2026-09-17T09:45:10.6557189+03:00" testType="13cdc9d9-ddb5-4fa4-a97d-d965ccfc6d4b" outcome="Passed" testListId="8c84fa94-04c1-424b-9868-57a2d4851a1d" relativeResultsDirectory="67b688b2-27db-43bc-99b4-b9aad4c4d04c" />
    <UnitTestResult executionId="8cafa8e2-6d8e-4290-a125-31b9579bdb59" testId="a24598c9-bc31-f52c-fcbc-616b457c02ad" testName="IAX.IXApi.Tests.AuthorizationPolicyTests.Workflow_request_controller_exposes_only_access_checked_transaction_routes" computerName="IKK-IT-JD-L-OMQ" duration="00:00:00.0062424" startTime="2026-09-17T09:45:10.6301091+03:00" endTime="2026-09-17T09:45:10.6335371+03:00" testType="13cdc9d9-ddb5-4fa4-a97d-d965ccfc6d4b" outcome="Passed" testListId="8c84fa94-04c1-424b-9868-57a2d4851a1d" relativeResultsDirectory="8cafa8e2-6d8e-4290-a125-31b9579bdb59" />
    <UnitTestResult executionId="7250c8e5-27da-4332-ba15-98b1e92ee560" testId="5a18e466-88ca-0f9f-a7ee-d84785ba167f" testName="IAX.IXApi.Tests.AuthorizationPolicyTests.Permission_handler_denies_permission_not_returned_by_database" computerName="IKK-IT-JD-L-OMQ" duration="00:00:00.0009373" startTime="2026-09-17T09:45:10.6600168+03:00" endTime="2026-09-17T09:45:10.6601211+03:00" testType="13cdc9d9-ddb5-4fa4-a97d-d965ccfc6d4b" outcome="Passed" testListId="8c84fa94-04c1-424b-9868-57a2d4851a1d" relativeResultsDirectory="7250c8e5-27da-4332-ba15-98b1e92ee560" />
    <UnitTestResult executionId="1454aae0-16f8-407d-93ec-2274dfd568bf" testId="d6c07c78-38c3-78eb-1a2b-53b643e71366" testName="IAX.IXApi.Tests.AuthorizationPolicyTests.Fallback_policy_requires_authenticated_users" computerName="IKK-IT-JD-L-OMQ" duration="00:00:00.0618435" startTime="2026-09-17T09:45:10.5685737+03:00" endTime="2026-09-17T09:45:10.5763169+03:00" testType="13cdc9d9-ddb5-4fa4-a97d-d965ccfc6d4b" outcome="Passed" testListId="8c84fa94-04c1-424b-9868-57a2d4851a1d" relativeResultsDirectory="1454aae0-16f8-407d-93ec-2274dfd568bf" />
    <UnitTestResult executionId="2b7e104d-3619-4c37-87f5-0af44aba46c0" testId="dd3a055c-a9e2-42b5-5ec2-5feebe943f28" testName="IAX.IXApi.Tests.McpContractDiscoveryTests.Permission_metadata_uses_the_execution_mapping(method: &quot;DELETE&quot;, action: &quot;Delete&quot;)" computerName="IKK-IT-JD-L-OMQ" duration="00:00:00.0000050" startTime="2026-09-17T09:45:10.5163155+03:00" endTime="2026-09-17T09:45:10.5163842+03:00" testType="13cdc9d9-ddb5-4fa4-a97d-d965ccfc6d4b" outcome="Passed" testListId="8c84fa94-04c1-424b-9868-57a2d4851a1d" relativeResultsDirectory="2b7e104d-3619-4c37-87f5-0af44aba46c0" />
    <UnitTestResult executionId="d414a4c9-b472-452c-a41f-d076b2ec3c94" testId="ea292e32-745b-5be2-0138-2ce3802ff164" testName="IAX.IXApi.Tests.McpContractDiscoveryTests.Permission_metadata_uses_the_execution_mapping(method: &quot;PUT&quot;, action: &quot;Edit&quot;)" computerName="IKK-IT-JD-L-OMQ" duration="00:00:00.0000102" startTime="2026-09-17T09:45:10.5158991+03:00" endTime="2026-09-17T09:45:10.5159773+03:00" testType="13cdc9d9-ddb5-4fa4-a97d-d965ccfc6d4b" outcome="Passed" testListId="8c84fa94-04c1-424b-9868-57a2d4851a1d" relativeResultsDirectory="d414a4c9-b472-452c-a41f-d076b2ec3c94" />
    <UnitTestResult executionId="62f4fb98-d67b-46ad-8b43-8aa8c42da06a" testId="9c9bac0f-2170-5d06-44cb-e2be6e6bb5db" testName="IAX.IXApi.Tests.CompanyIsolationTests.Malformed_company_header_is_rejected(requestedCompany: &quot;company-id-that-is-too-long&quot;)" computerName="IKK-IT-JD-L-OMQ" duration="00:00:00.0000198" startTime="2026-09-17T09:45:10.5697534+03:00" endTime="2026-09-17T09:45:10.5698390+03:00" testType="13cdc9d9-ddb5-4fa4-a97d-d965ccfc6d4b" outcome="Passed" testListId="8c84fa94-04c1-424b-9868-57a2d4851a1d" relativeResultsDirectory="62f4fb98-d67b-46ad-8b43-8aa8c42da06a" />
    <UnitTestResult executionId="93b7f845-0662-431e-a2bf-bfa98f1f3407" testId="cd6e5001-6d1c-41f0-ce4e-8551914e18c7" testName="IAX.IXApi.Tests.McpContractDiscoveryTests.Discovery_does_not_register_database_or_business_workers" computerName="IKK-IT-JD-L-OMQ" duration="00:00:00.3674567" startTime="2026-09-17T09:45:20.7087976+03:00" endTime="2026-09-17T09:45:21.0744751+03:00" testType="13cdc9d9-ddb5-4fa4-a97d-d965ccfc6d4b" outcome="Passed" testListId="8c84fa94-04c1-424b-9868-57a2d4851a1d" relativeResultsDirectory="93b7f845-0662-431e-a2bf-bfa98f1f3407" />
    <UnitTestResult executionId="9418764d-1a6c-47c4-86d8-53c1e37fb667" testId="a0afdd12-c412-128e-4e6c-0651bb82e8f4" testName="IAX.IXApi.Tests.McpContractDiscoveryTests.Export_covers_modules_preserves_exclusions_and_keeps_execution_disabled" computerName="IKK-IT-JD-L-OMQ" duration="00:00:10.2048112" startTime="2026-09-17T09:45:10.5166137+03:00" endTime="2026-09-17T09:45:20.7068435+03:00" testType="13cdc9d9-ddb5-4fa4-a97d-d965ccfc6d4b" outcome="Passed" testListId="8c84fa94-04c1-424b-9868-57a2d4851a1d" relativeResultsDirectory="9418764d-1a6c-47c4-86d8-53c1e37fb667" />
    <UnitTestResult executionId="a65cbbed-957d-422b-97e2-07fd766ad342" testId="e271b574-1453-a89b-6e8d-66346cf29d41" testName="IAX.IXApi.Tests.CompanyIsolationTests.Administrator_can_select_any_well_formed_company(role: &quot;Admin&quot;)" computerName="IKK-IT-JD-L-OMQ" duration="00:00:00.0003547" startTime="2026-09-17T09:45:10.6297110+03:00" endTime="2026-09-17T09:45:10.6301782+03:00" testType="13cdc9d9-ddb5-4fa4-a97d-d965ccfc6d4b" outcome="Passed" testListId="8c84fa94-04c1-424b-9868-57a2d4851a1d" relativeResultsDirectory="a65cbbed-957d-422b-97e2-07fd766ad342" />
    <UnitTestResult executionId="456bac76-9efd-4c96-a5e9-b808100f791e" testId="8b826df1-ea95-5772-df07-3012c686bcbb" testName="IAX.IXApi.Tests.AuthorizationPolicyTests.Workflow_configuration_controllers_require_the_expected_permissions" computerName="IKK-IT-JD-L-OMQ" duration="00:00:00.0024304" startTime="2026-09-17T09:45:10.6561610+03:00" endTime="2026-09-17T09:45:10.6582508+03:00" testType="13cdc9d9-ddb5-4fa4-a97d-d965ccfc6d4b" outcome="Passed" testListId="8c84fa94-04c1-424b-9868-57a2d4851a1d" relativeResultsDirectory="456bac76-9efd-4c96-a5e9-b808100f791e" />
    <UnitTestResult executionId="c92f32ef-48a9-4e51-97e9-fae7b2dfe428" testId="bd65bba4-15d1-6c6b-61b5-e0088bcf69a6" testName="IAX.IXApi.Tests.McpContractDiscoveryTests.Permission_metadata_uses_the_execution_mapping(method: &quot;PATCH&quot;, action: &quot;Edit&quot;)" computerName="IKK-IT-JD-L-OMQ" duration="00:00:00.0218506" startTime="2026-09-17T09:45:10.4708765+03:00" endTime="2026-09-17T09:45:10.5048182+03:00" testType="13cdc9d9-ddb5-4fa4-a97d-d965ccfc6d4b" outcome="Passed" testListId="8c84fa94-04c1-424b-9868-57a2d4851a1d" relativeResultsDirectory="c92f32ef-48a9-4e51-97e9-fae7b2dfe428" />
    <UnitTestResult executionId="bc8e0ce8-0e37-4d5b-8621-682451051ef4" testId="4ce0a9a7-d2a9-79a5-df0b-e1797f5e11a9" testName="IAX.IXApi.Tests.CompanyIsolationTests.Middleware_returns_forbidden_before_the_next_component" computerName="IKK-IT-JD-L-OMQ" duration="00:00:00.0887044" startTime="2026-09-17T09:45:10.5700684+03:00" endTime="2026-09-17T09:45:10.6247376+03:00" testType="13cdc9d9-ddb5-4fa4-a97d-d965ccfc6d4b" outcome="Passed" testListId="8c84fa94-04c1-424b-9868-57a2d4851a1d" relativeResultsDirectory="bc8e0ce8-0e37-4d5b-8621-682451051ef4" />
    <UnitTestResult executionId="a5a95a2a-ad34-4e8d-80f6-9f7838d81ab0" testId="054374cb-c105-a655-b211-7049f15d4211" testName="IAX.IXApi.Tests.AuthorizationPolicyTests.Generic_bulk_routes_are_not_public_and_audit_log_is_read_only" computerName="IKK-IT-JD-L-OMQ" duration="00:00:00.0128241" startTime="2026-09-17T09:45:10.5156329+03:00" endTime="2026-09-17T09:45:10.5166982+03:00" testType="13cdc9d9-ddb5-4fa4-a97d-d965ccfc6d4b" outcome="Passed" testListId="8c84fa94-04c1-424b-9868-57a2d4851a1d" relativeResultsDirectory="a5a95a2a-ad34-4e8d-80f6-9f7838d81ab0" />
    <UnitTestResult executionId="c73b1625-81f8-4f76-966f-500e28bfd6d8" testId="5c9dc6aa-05d2-ef4c-453f-09fd9a516cc9" testName="IAX.IXApi.Tests.CompanyIsolationTests.Authenticated_user_defaults_to_their_authorized_company" computerName="IKK-IT-JD-L-OMQ" duration="00:00:00.0559756" startTime="2026-09-17T09:45:10.4691349+03:00" endTime="2026-09-17T09:45:10.5687092+03:00" testType="13cdc9d9-ddb5-4fa4-a97d-d965ccfc6d4b" outcome="Passed" testListId="8c84fa94-04c1-424b-9868-57a2d4851a1d" relativeResultsDirectory="c73b1625-81f8-4f76-966f-500e28bfd6d8" />
    <UnitTestResult executionId="80705295-78d4-4e8a-b5b5-29d45e181e48" testId="c6feb29a-9816-6aed-65d7-0ea6cdbce324" testName="IAX.IXApi.Tests.CompanyIsolationTests.Malformed_company_header_is_rejected(requestedCompany: &quot;../dat&quot;)" computerName="IKK-IT-JD-L-OMQ" duration="00:00:00.0002065" startTime="2026-09-17T09:45:10.5694997+03:00" endTime="2026-09-17T09:45:10.5695891+03:00" testType="13cdc9d9-ddb5-4fa4-a97d-d965ccfc6d4b" outcome="Passed" testListId="8c84fa94-04c1-424b-9868-57a2d4851a1d" relativeResultsDirectory="80705295-78d4-4e8a-b5b5-29d45e181e48" />
    <UnitTestResult executionId="246419b5-6f2f-466b-8b8d-9df95620a231" testId="2e193dd7-a207-585d-df59-692d2bf7e420" testName="IAX.IXApi.Tests.CompanyIsolationTests.Number_sequence_http_contract_does_not_accept_a_company_override" computerName="IKK-IT-JD-L-OMQ" duration="00:00:00.0013153" startTime="2026-09-17T09:45:10.6251825+03:00" endTime="2026-09-17T09:45:10.6263016+03:00" testType="13cdc9d9-ddb5-4fa4-a97d-d965ccfc6d4b" outcome="Passed" testListId="8c84fa94-04c1-424b-9868-57a2d4851a1d" relativeResultsDirectory="246419b5-6f2f-466b-8b8d-9df95620a231" />
    <UnitTestResult executionId="5d648b05-2aea-4842-9655-e774c139ae10" testId="33750dfd-748e-fab8-5de3-b0331850ffdd" testName="IAX.IXApi.Tests.AuthorizationPolicyTests.Chat_room_access_requires_exact_participation" computerName="IKK-IT-JD-L-OMQ" duration="00:00:00.0068482" startTime="2026-09-17T09:45:10.6603840+03:00" endTime="2026-09-17T09:45:10.6664130+03:00" testType="13cdc9d9-ddb5-4fa4-a97d-d965ccfc6d4b" outcome="Passed" testListId="8c84fa94-04c1-424b-9868-57a2d4851a1d" relativeResultsDirectory="5d648b05-2aea-4842-9655-e774c139ae10" />
    <UnitTestResult executionId="9b9bd7e5-ffdb-40ec-aa78-ff5350791e23" testId="4a0bab09-51f1-bd2f-9ce9-a797dde64c1b" testName="IAX.IXApi.Tests.AuthorizationPolicyTests.Administration_permissions_preserve_self_service_and_protect_privileged_operations" computerName="IKK-IT-JD-L-OMQ" duration="00:00:00.0013900" startTime="2026-09-17T09:45:10.6667428+03:00" endTime="2026-09-17T09:45:10.6677707+03:00" testType="13cdc9d9-ddb5-4fa4-a97d-d965ccfc6d4b" outcome="Passed" testListId="8c84fa94-04c1-424b-9868-57a2d4851a1d" relativeResultsDirectory="9b9bd7e5-ffdb-40ec-aa78-ff5350791e23" />
    <UnitTestResult executionId="fe5c39d0-a076-4adf-9338-0d5ac2643b9b" testId="6209c318-9aa8-2757-90d1-48a4e15bdbdc" testName="IAX.IXApi.Tests.CompanyIsolationTests.Multiple_company_header_values_are_rejected" computerName="IKK-IT-JD-L-OMQ" duration="00:00:00.0010242" startTime="2026-09-17T09:45:10.6304447+03:00" endTime="2026-09-17T09:45:10.6305308+03:00" testType="13cdc9d9-ddb5-4fa4-a97d-d965ccfc6d4b" outcome="Passed" testListId="8c84fa94-04c1-424b-9868-57a2d4851a1d" relativeResultsDirectory="fe5c39d0-a076-4adf-9338-0d5ac2643b9b" />
    <UnitTestResult executionId="8b63644e-ee17-4314-8bfd-fc08020fe74f" testId="fcdd2104-60f1-2c1e-d2e2-f027c27caa24" testName="IAX.IXApi.Tests.AuthorizationPolicyTests.Finance_business_controllers_require_domain_permissions" computerName="IKK-IT-JD-L-OMQ" duration="00:00:00.0506988" startTime="2026-09-17T09:45:10.5765514+03:00" endTime="2026-09-17T09:45:10.6298315+03:00" testType="13cdc9d9-ddb5-4fa4-a97d-d965ccfc6d4b" outcome="Passed" testListId="8c84fa94-04c1-424b-9868-57a2d4851a1d" relativeResultsDirectory="8b63644e-ee17-4314-8bfd-fc08020fe74f" />
    <UnitTestResult executionId="4d68579c-7cd1-4463-9ae6-74bf386f8377" testId="806133ff-38c0-f0ff-bae1-d17e18534f7c" testName="IAX.IXApi.Tests.McpContractDiscoveryTests.Permission_metadata_uses_the_execution_mapping(method: &quot;GET&quot;, action: &quot;View&quot;)" computerName="IKK-IT-JD-L-OMQ" duration="00:00:00.0000047" startTime="2026-09-17T09:45:10.5161107+03:00" endTime="2026-09-17T09:45:10.5161835+03:00" testType="13cdc9d9-ddb5-4fa4-a97d-d965ccfc6d4b" outcome="Passed" testListId="8c84fa94-04c1-424b-9868-57a2d4851a1d" relativeResultsDirectory="4d68579c-7cd1-4463-9ae6-74bf386f8377" />
    <UnitTestResult executionId="35c4c8e8-0815-42d9-b7db-c1f0b8aa5b14" testId="e58d3a11-3867-32ed-cdbf-a9e0692bcf77" testName="IAX.IXApi.Tests.AuthorizationPolicyTests.Communication_endpoints_preserve_self_service_and_protect_privileged_send" computerName="IKK-IT-JD-L-OMQ" duration="00:00:00.0049206" startTime="2026-09-17T09:45:10.6680717+03:00" endTime="2026-09-17T09:45:10.6728417+03:00" testType="13cdc9d9-ddb5-4fa4-a97d-d965ccfc6d4b" outcome="Passed" testListId="8c84fa94-04c1-424b-9868-57a2d4851a1d" relativeResultsDirectory="35c4c8e8-0815-42d9-b7db-c1f0b8aa5b14" />
  </Results>
  <TestDefinitions>
    <UnitTest name="IAX.IXApi.Tests.McpContractDiscoveryTests.Permission_metadata_uses_the_execution_mapping(method: &quot;GET&quot;, action: &quot;View&quot;)" storage="c:\users\omar.qaid\desktop\iax\.artifacts\mcp-contract\bin\ixapi.tests\release\ixapi.tests.dll" id="806133ff-38c0-f0ff-bae1-d17e18534f7c">
      <Execution id="4d68579c-7cd1-4463-9ae6-74bf386f8377" />
      <TestMethod codeBase="C:\Users\Omar.Qaid\Desktop\IAX\.artifacts\mcp-contract\bin\IXApi.Tests\release\IXApi.Tests.dll" adapterTypeName="executor://xunit/VsTestRunner3/netcore/" className="IAX.IXApi.Tests.McpContractDiscoveryTests" name="Permission_metadata_uses_the_execution_mapping" />
    </UnitTest>
    <UnitTest name="IAX.IXApi.Tests.AuthorizationPolicyTests.Generic_bulk_routes_are_not_public_and_audit_log_is_read_only" storage="c:\users\omar.qaid\desktop\iax\.artifacts\mcp-contract\bin\ixapi.tests\release\ixapi.tests.dll" id="054374cb-c105-a655-b211-7049f15d4211">
      <Execution id="a5a95a2a-ad34-4e8d-80f6-9f7838d81ab0" />
      <TestMethod codeBase="C:\Users\Omar.Qaid\Desktop\IAX\.artifacts\mcp-contract\bin\IXApi.Tests\release\IXApi.Tests.dll" adapterTypeName="executor://xunit/VsTestRunner3/netcore/" className="IAX.IXApi.Tests.AuthorizationPolicyTests" name="Generic_bulk_routes_are_not_public_and_audit_log_is_read_only" />
    </UnitTest>
    <UnitTest name="IAX.IXApi.Tests.AuthorizationPolicyTests.Seeded_permission_resources_are_well_formed_and_cover_known_contracts" storage="c:\users\omar.qaid\desktop\iax\.artifacts\mcp-contract\bin\ixapi.tests\release\ixapi.tests.dll" id="771770ab-99e4-d8c8-d160-4f1ea20ebd43">
      <Execution id="67b688b2-27db-43bc-99b4-b9aad4c4d04c" />
      <TestMethod codeBase="C:\Users\Omar.Qaid\Desktop\IAX\.artifacts\mcp-contract\bin\IXApi.Tests\release\IXApi.Tests.dll" adapterTypeName="executor://xunit/VsTestRunner3/netcore/" className="IAX.IXApi.Tests.AuthorizationPolicyTests" name="Seeded_permission_resources_are_well_formed_and_cover_known_contracts" />
    </UnitTest>
    <UnitTest name="IAX.IXApi.Tests.McpContractDiscoveryTests.Permission_metadata_uses_the_execution_mapping(method: &quot;DELETE&quot;, action: &quot;Delete&quot;)" storage="c:\users\omar.qaid\desktop\iax\.artifacts\mcp-contract\bin\ixapi.tests\release\ixapi.tests.dll" id="dd3a055c-a9e2-42b5-5ec2-5feebe943f28">
      <Execution id="2b7e104d-3619-4c37-87f5-0af44aba46c0" />
      <TestMethod codeBase="C:\Users\Omar.Qaid\Desktop\IAX\.artifacts\mcp-contract\bin\IXApi.Tests\release\IXApi.Tests.dll" adapterTypeName="executor://xunit/VsTestRunner3/netcore/" className="IAX.IXApi.Tests.McpContractDiscoveryTests" name="Permission_metadata_uses_the_execution_mapping" />
    </UnitTest>
    <UnitTest name="IAX.IXApi.Tests.AuthorizationPolicyTests.Chat_room_access_requires_exact_participation" storage="c:\users\omar.qaid\desktop\iax\.artifacts\mcp-contract\bin\ixapi.tests\release\ixapi.tests.dll" id="33750dfd-748e-fab8-5de3-b0331850ffdd">
      <Execution id="5d648b05-2aea-4842-9655-e774c139ae10" />
      <TestMethod codeBase="C:\Users\Omar.Qaid\Desktop\IAX\.artifacts\mcp-contract\bin\IXApi.Tests\release\IXApi.Tests.dll" adapterTypeName="executor://xunit/VsTestRunner3/netcore/" className="IAX.IXApi.Tests.AuthorizationPolicyTests" name="Chat_room_access_requires_exact_participation" />
    </UnitTest>
    <UnitTest name="IAX.IXApi.Tests.CompanyIsolationTests.Number_sequence_http_contract_does_not_accept_a_company_override" storage="c:\users\omar.qaid\desktop\iax\.artifacts\mcp-contract\bin\ixapi.tests\release\ixapi.tests.dll" id="2e193dd7-a207-585d-df59-692d2bf7e420">
      <Execution id="246419b5-6f2f-466b-8b8d-9df95620a231" />
      <TestMethod codeBase="C:\Users\Omar.Qaid\Desktop\IAX\.artifacts\mcp-contract\bin\IXApi.Tests\release\IXApi.Tests.dll" adapterTypeName="executor://xunit/VsTestRunner3/netcore/" className="IAX.IXApi.Tests.CompanyIsolationTests" name="Number_sequence_http_contract_does_not_accept_a_company_override" />
    </UnitTest>
    <UnitTest name="IAX.IXApi.Tests.CompanyIsolationTests.Authenticated_user_defaults_to_their_authorized_company" storage="c:\users\omar.qaid\desktop\iax\.artifacts\mcp-contract\bin\ixapi.tests\release\ixapi.tests.dll" id="5c9dc6aa-05d2-ef4c-453f-09fd9a516cc9">
      <Execution id="c73b1625-81f8-4f76-966f-500e28bfd6d8" />
      <TestMethod codeBase="C:\Users\Omar.Qaid\Desktop\IAX\.artifacts\mcp-contract\bin\IXApi.Tests\release\IXApi.Tests.dll" adapterTypeName="executor://xunit/VsTestRunner3/netcore/" className="IAX.IXApi.Tests.CompanyIsolationTests" name="Authenticated_user_defaults_to_their_authorized_company" />
    </UnitTest>
    <UnitTest name="IAX.IXApi.Tests.CompanyIsolationTests.Unauthorized_company_header_cannot_change_execution_context" storage="c:\users\omar.qaid\desktop\iax\.artifacts\mcp-contract\bin\ixapi.tests\release\ixapi.tests.dll" id="089ad025-5f88-3ff4-6f2c-b50a40bc23ee">
      <Execution id="088b08d5-4ab4-42f6-819f-416a7eaa15ef" />
      <TestMethod codeBase="C:\Users\Omar.Qaid\Desktop\IAX\.artifacts\mcp-contract\bin\IXApi.Tests\release\IXApi.Tests.dll" adapterTypeName="executor://xunit/VsTestRunner3/netcore/" className="IAX.IXApi.Tests.CompanyIsolationTests" name="Unauthorized_company_header_cannot_change_execution_context" />
    </UnitTest>
    <UnitTest name="IAX.IXApi.Tests.CompanyIsolationTests.Malformed_company_header_is_rejected(requestedCompany: &quot;company-id-that-is-too-long&quot;)" storage="c:\users\omar.qaid\desktop\iax\.artifacts\mcp-contract\bin\ixapi.tests\release\ixapi.tests.dll" id="9c9bac0f-2170-5d06-44cb-e2be6e6bb5db">
      <Execution id="62f4fb98-d67b-46ad-8b43-8aa8c42da06a" />
      <TestMethod codeBase="C:\Users\Omar.Qaid\Desktop\IAX\.artifacts\mcp-contract\bin\IXApi.Tests\release\IXApi.Tests.dll" adapterTypeName="executor://xunit/VsTestRunner3/netcore/" className="IAX.IXApi.Tests.CompanyIsolationTests" name="Malformed_company_header_is_rejected" />
    </UnitTest>
    <UnitTest name="IAX.IXApi.Tests.McpContractDiscoveryTests.Permission_metadata_uses_the_execution_mapping(method: &quot;post&quot;, action: &quot;Create&quot;)" storage="c:\users\omar.qaid\desktop\iax\.artifacts\mcp-contract\bin\ixapi.tests\release\ixapi.tests.dll" id="e14e804c-e535-edeb-2b44-fc80c8aabb1f">
      <Execution id="c08fd574-81f5-4f67-a0af-d9949ad5d0d9" />
      <TestMethod codeBase="C:\Users\Omar.Qaid\Desktop\IAX\.artifacts\mcp-contract\bin\IXApi.Tests\release\IXApi.Tests.dll" adapterTypeName="executor://xunit/VsTestRunner3/netcore/" className="IAX.IXApi.Tests.McpContractDiscoveryTests" name="Permission_metadata_uses_the_execution_mapping" />
    </UnitTest>
    <UnitTest name="IAX.IXApi.Tests.McpContractDiscoveryTests.Permission_metadata_uses_the_execution_mapping(method: &quot;PUT&quot;, action: &quot;Edit&quot;)" storage="c:\users\omar.qaid\desktop\iax\.artifacts\mcp-contract\bin\ixapi.tests\release\ixapi.tests.dll" id="ea292e32-745b-5be2-0138-2ce3802ff164">
      <Execution id="d414a4c9-b472-452c-a41f-d076b2ec3c94" />
      <TestMethod codeBase="C:\Users\Omar.Qaid\Desktop\IAX\.artifacts\mcp-contract\bin\IXApi.Tests\release\IXApi.Tests.dll" adapterTypeName="executor://xunit/VsTestRunner3/netcore/" className="IAX.IXApi.Tests.McpContractDiscoveryTests" name="Permission_metadata_uses_the_execution_mapping" />
    </UnitTest>
    <UnitTest name="IAX.IXApi.Tests.CompanyIsolationTests.Administrator_can_select_any_well_formed_company(role: &quot;SystemAdmin&quot;)" storage="c:\users\omar.qaid\desktop\iax\.artifacts\mcp-contract\bin\ixapi.tests\release\ixapi.tests.dll" id="b0a2737b-d115-4824-6448-090412fdf8f9">
      <Execution id="1723c227-9a4a-4c0d-89e9-b65a699f9593" />
      <TestMethod codeBase="C:\Users\Omar.Qaid\Desktop\IAX\.artifacts\mcp-contract\bin\IXApi.Tests\release\IXApi.Tests.dll" adapterTypeName="executor://xunit/VsTestRunner3/netcore/" className="IAX.IXApi.Tests.CompanyIsolationTests" name="Administrator_can_select_any_well_formed_company" />
    </UnitTest>
    <UnitTest name="IAX.IXApi.Tests.McpContractDiscoveryTests.Discovery_does_not_register_database_or_business_workers" storage="c:\users\omar.qaid\desktop\iax\.artifacts\mcp-contract\bin\ixapi.tests\release\ixapi.tests.dll" id="cd6e5001-6d1c-41f0-ce4e-8551914e18c7">
      <Execution id="93b7f845-0662-431e-a2bf-bfa98f1f3407" />
      <TestMethod codeBase="C:\Users\Omar.Qaid\Desktop\IAX\.artifacts\mcp-contract\bin\IXApi.Tests\release\IXApi.Tests.dll" adapterTypeName="executor://xunit/VsTestRunner3/netcore/" className="IAX.IXApi.Tests.McpContractDiscoveryTests" name="Discovery_does_not_register_database_or_business_workers" />
    </UnitTest>
    <UnitTest name="IAX.IXApi.Tests.CompanyIsolationTests.Legacy_authenticated_users_without_company_claims_are_limited_to_dat" storage="c:\users\omar.qaid\desktop\iax\.artifacts\mcp-contract\bin\ixapi.tests\release\ixapi.tests.dll" id="935ed501-9866-ce74-e131-5d268d704fa3">
      <Execution id="a7cb1089-d250-4502-a27c-96cdc5802b10" />
      <TestMethod codeBase="C:\Users\Omar.Qaid\Desktop\IAX\.artifacts\mcp-contract\bin\IXApi.Tests\release\IXApi.Tests.dll" adapterTypeName="executor://xunit/VsTestRunner3/netcore/" className="IAX.IXApi.Tests.CompanyIsolationTests" name="Legacy_authenticated_users_without_company_claims_are_limited_to_dat" />
    </UnitTest>
    <UnitTest name="IAX.IXApi.Tests.AuthorizationPolicyTests.Workflow_configuration_controllers_require_the_expected_permissions" storage="c:\users\omar.qaid\desktop\iax\.artifacts\mcp-contract\bin\ixapi.tests\release\ixapi.tests.dll" id="8b826df1-ea95-5772-df07-3012c686bcbb">
      <Execution id="456bac76-9efd-4c96-a5e9-b808100f791e" />
      <TestMethod codeBase="C:\Users\Omar.Qaid\Desktop\IAX\.artifacts\mcp-contract\bin\IXApi.Tests\release\IXApi.Tests.dll" adapterTypeName="executor://xunit/VsTestRunner3/netcore/" className="IAX.IXApi.Tests.AuthorizationPolicyTests" name="Workflow_configuration_controllers_require_the_expected_permissions" />
    </UnitTest>
    <UnitTest name="IAX.IXApi.Tests.AuthorizationPolicyTests.Finance_business_controllers_require_domain_permissions" storage="c:\users\omar.qaid\desktop\iax\.artifacts\mcp-contract\bin\ixapi.tests\release\ixapi.tests.dll" id="fcdd2104-60f1-2c1e-d2e2-f027c27caa24">
      <Execution id="8b63644e-ee17-4314-8bfd-fc08020fe74f" />
      <TestMethod codeBase="C:\Users\Omar.Qaid\Desktop\IAX\.artifacts\mcp-contract\bin\IXApi.Tests\release\IXApi.Tests.dll" adapterTypeName="executor://xunit/VsTestRunner3/netcore/" className="IAX.IXApi.Tests.AuthorizationPolicyTests" name="Finance_business_controllers_require_domain_permissions" />
    </UnitTest>
    <UnitTest name="IAX.IXApi.Tests.CompanyIsolationTests.Multiple_company_header_values_are_rejected" storage="c:\users\omar.qaid\desktop\iax\.artifacts\mcp-contract\bin\ixapi.tests\release\ixapi.tests.dll" id="6209c318-9aa8-2757-90d1-48a4e15bdbdc">
      <Execution id="fe5c39d0-a076-4adf-9338-0d5ac2643b9b" />
      <TestMethod codeBase="C:\Users\Omar.Qaid\Desktop\IAX\.artifacts\mcp-contract\bin\IXApi.Tests\release\IXApi.Tests.dll" adapterTypeName="executor://xunit/VsTestRunner3/netcore/" className="IAX.IXApi.Tests.CompanyIsolationTests" name="Multiple_company_header_values_are_rejected" />
    </UnitTest>
    <UnitTest name="IAX.IXApi.Tests.AuthorizationPolicyTests.Permission_handler_uses_current_database_permissions" storage="c:\users\omar.qaid\desktop\iax\.artifacts\mcp-contract\bin\ixapi.tests\release\ixapi.tests.dll" id="ee1419f2-ae40-30d3-d8da-2a4ecb595fe3">
      <Execution id="3ce56693-d611-4076-90db-8f9a13eff81a" />
      <TestMethod codeBase="C:\Users\Omar.Qaid\Desktop\IAX\.artifacts\mcp-contract\bin\IXApi.Tests\release\IXApi.Tests.dll" adapterTypeName="executor://xunit/VsTestRunner3/netcore/" className="IAX.IXApi.Tests.AuthorizationPolicyTests" name="Permission_handler_uses_current_database_permissions" />
    </UnitTest>
    <UnitTest name="IAX.IXApi.Tests.CompanyIsolationTests.Middleware_returns_forbidden_before_the_next_component" storage="c:\users\omar.qaid\desktop\iax\.artifacts\mcp-contract\bin\ixapi.tests\release\ixapi.tests.dll" id="4ce0a9a7-d2a9-79a5-df0b-e1797f5e11a9">
      <Execution id="bc8e0ce8-0e37-4d5b-8621-682451051ef4" />
      <TestMethod codeBase="C:\Users\Omar.Qaid\Desktop\IAX\.artifacts\mcp-contract\bin\IXApi.Tests\release\IXApi.Tests.dll" adapterTypeName="executor://xunit/VsTestRunner3/netcore/" className="IAX.IXApi.Tests.CompanyIsolationTests" name="Middleware_returns_forbidden_before_the_next_component" />
    </UnitTest>
    <UnitTest name="IAX.IXApi.Tests.AuthorizationPolicyTests.Workflow_request_controller_exposes_only_access_checked_transaction_routes" storage="c:\users\omar.qaid\desktop\iax\.artifacts\mcp-contract\bin\ixapi.tests\release\ixapi.tests.dll" id="a24598c9-bc31-f52c-fcbc-616b457c02ad">
      <Execution id="8cafa8e2-6d8e-4290-a125-31b9579bdb59" />
      <TestMethod codeBase="C:\Users\Omar.Qaid\Desktop\IAX\.artifacts\mcp-contract\bin\IXApi.Tests\release\IXApi.Tests.dll" adapterTypeName="executor://xunit/VsTestRunner3/netcore/" className="IAX.IXApi.Tests.AuthorizationPolicyTests" name="Workflow_request_controller_exposes_only_access_checked_transaction_routes" />
    </UnitTest>
    <UnitTest name="IAX.IXApi.Tests.McpContractDiscoveryTests.Export_covers_modules_preserves_exclusions_and_keeps_execution_disabled" storage="c:\users\omar.qaid\desktop\iax\.artifacts\mcp-contract\bin\ixapi.tests\release\ixapi.tests.dll" id="a0afdd12-c412-128e-4e6c-0651bb82e8f4">
      <Execution id="9418764d-1a6c-47c4-86d8-53c1e37fb667" />
      <TestMethod codeBase="C:\Users\Omar.Qaid\Desktop\IAX\.artifacts\mcp-contract\bin\IXApi.Tests\release\IXApi.Tests.dll" adapterTypeName="executor://xunit/VsTestRunner3/netcore/" className="IAX.IXApi.Tests.McpContractDiscoveryTests" name="Export_covers_modules_preserves_exclusions_and_keeps_execution_disabled" />
    </UnitTest>
    <UnitTest name="IAX.IXApi.Tests.CompanyIsolationTests.Authorized_company_header_selects_matching_claim" storage="c:\users\omar.qaid\desktop\iax\.artifacts\mcp-contract\bin\ixapi.tests\release\ixapi.tests.dll" id="5161b683-ef0f-e298-ea17-c7c34c4cb41d">
      <Execution id="5bb59907-c094-4d09-8554-504284535362" />
      <TestMethod codeBase="C:\Users\Omar.Qaid\Desktop\IAX\.artifacts\mcp-contract\bin\IXApi.Tests\release\IXApi.Tests.dll" adapterTypeName="executor://xunit/VsTestRunner3/netcore/" className="IAX.IXApi.Tests.CompanyIsolationTests" name="Authorized_company_header_selects_matching_claim" />
    </UnitTest>
    <UnitTest name="IAX.IXApi.Tests.AuthorizationPolicyTests.Administration_permissions_preserve_self_service_and_protect_privileged_operations" storage="c:\users\omar.qaid\desktop\iax\.artifacts\mcp-contract\bin\ixapi.tests\release\ixapi.tests.dll" id="4a0bab09-51f1-bd2f-9ce9-a797dde64c1b">
      <Execution id="9b9bd7e5-ffdb-40ec-aa78-ff5350791e23" />
      <TestMethod codeBase="C:\Users\Omar.Qaid\Desktop\IAX\.artifacts\mcp-contract\bin\IXApi.Tests\release\IXApi.Tests.dll" adapterTypeName="executor://xunit/VsTestRunner3/netcore/" className="IAX.IXApi.Tests.AuthorizationPolicyTests" name="Administration_permissions_preserve_self_service_and_protect_privileged_operations" />
    </UnitTest>
    <UnitTest name="IAX.IXApi.Tests.CompanyIsolationTests.Malformed_company_header_is_rejected(requestedCompany: &quot;../dat&quot;)" storage="c:\users\omar.qaid\desktop\iax\.artifacts\mcp-contract\bin\ixapi.tests\release\ixapi.tests.dll" id="c6feb29a-9816-6aed-65d7-0ea6cdbce324">
      <Execution id="80705295-78d4-4e8a-b5b5-29d45e181e48" />
      <TestMethod codeBase="C:\Users\Omar.Qaid\Desktop\IAX\.artifacts\mcp-contract\bin\IXApi.Tests\release\IXApi.Tests.dll" adapterTypeName="executor://xunit/VsTestRunner3/netcore/" className="IAX.IXApi.Tests.CompanyIsolationTests" name="Malformed_company_header_is_rejected" />
    </UnitTest>
    <UnitTest name="IAX.IXApi.Tests.CompanyIsolationTests.Malformed_company_header_is_rejected(requestedCompany: &quot;dat;DROP TABLE Users&quot;)" storage="c:\users\omar.qaid\desktop\iax\.artifacts\mcp-contract\bin\ixapi.tests\release\ixapi.tests.dll" id="6109f09e-b3e1-00db-d201-0d47c995bb53">
      <Execution id="23954687-106f-42cd-9a9b-7f9f5279a532" />
      <TestMethod codeBase="C:\Users\Omar.Qaid\Desktop\IAX\.artifacts\mcp-contract\bin\IXApi.Tests\release\IXApi.Tests.dll" adapterTypeName="executor://xunit/VsTestRunner3/netcore/" className="IAX.IXApi.Tests.CompanyIsolationTests" name="Malformed_company_header_is_rejected" />
    </UnitTest>
    <UnitTest name="IAX.IXApi.Tests.AuthorizationPolicyTests.Permission_handler_denies_permission_not_returned_by_database" storage="c:\users\omar.qaid\desktop\iax\.artifacts\mcp-contract\bin\ixapi.tests\release\ixapi.tests.dll" id="5a18e466-88ca-0f9f-a7ee-d84785ba167f">
      <Execution id="7250c8e5-27da-4332-ba15-98b1e92ee560" />
      <TestMethod codeBase="C:\Users\Omar.Qaid\Desktop\IAX\.artifacts\mcp-contract\bin\IXApi.Tests\release\IXApi.Tests.dll" adapterTypeName="executor://xunit/VsTestRunner3/netcore/" className="IAX.IXApi.Tests.AuthorizationPolicyTests" name="Permission_handler_denies_permission_not_returned_by_database" />
    </UnitTest>
    <UnitTest name="IAX.IXApi.Tests.McpContractDiscoveryTests.Permission_metadata_uses_the_execution_mapping(method: &quot;PATCH&quot;, action: &quot;Edit&quot;)" storage="c:\users\omar.qaid\desktop\iax\.artifacts\mcp-contract\bin\ixapi.tests\release\ixapi.tests.dll" id="bd65bba4-15d1-6c6b-61b5-e0088bcf69a6">
      <Execution id="c92f32ef-48a9-4e51-97e9-fae7b2dfe428" />
      <TestMethod codeBase="C:\Users\Omar.Qaid\Desktop\IAX\.artifacts\mcp-contract\bin\IXApi.Tests\release\IXApi.Tests.dll" adapterTypeName="executor://xunit/VsTestRunner3/netcore/" className="IAX.IXApi.Tests.McpContractDiscoveryTests" name="Permission_metadata_uses_the_execution_mapping" />
    </UnitTest>
    <UnitTest name="IAX.IXApi.Tests.AuthorizationPolicyTests.Communication_endpoints_preserve_self_service_and_protect_privileged_send" storage="c:\users\omar.qaid\desktop\iax\.artifacts\mcp-contract\bin\ixapi.tests\release\ixapi.tests.dll" id="e58d3a11-3867-32ed-cdbf-a9e0692bcf77">
      <Execution id="35c4c8e8-0815-42d9-b7db-c1f0b8aa5b14" />
      <TestMethod codeBase="C:\Users\Omar.Qaid\Desktop\IAX\.artifacts\mcp-contract\bin\IXApi.Tests\release\IXApi.Tests.dll" adapterTypeName="executor://xunit/VsTestRunner3/netcore/" className="IAX.IXApi.Tests.AuthorizationPolicyTests" name="Communication_endpoints_preserve_self_service_and_protect_privileged_send" />
    </UnitTest>
    <UnitTest name="IAX.IXApi.Tests.AuthorizationPolicyTests.Fallback_policy_requires_authenticated_users" storage="c:\users\omar.qaid\desktop\iax\.artifacts\mcp-contract\bin\ixapi.tests\release\ixapi.tests.dll" id="d6c07c78-38c3-78eb-1a2b-53b643e71366">
      <Execution id="1454aae0-16f8-407d-93ec-2274dfd568bf" />
      <TestMethod codeBase="C:\Users\Omar.Qaid\Desktop\IAX\.artifacts\mcp-contract\bin\IXApi.Tests\release\IXApi.Tests.dll" adapterTypeName="executor://xunit/VsTestRunner3/netcore/" className="IAX.IXApi.Tests.AuthorizationPolicyTests" name="Fallback_policy_requires_authenticated_users" />
    </UnitTest>
    <UnitTest name="IAX.IXApi.Tests.CompanyIsolationTests.Administrator_can_select_any_well_formed_company(role: &quot;Admin&quot;)" storage="c:\users\omar.qaid\desktop\iax\.artifacts\mcp-contract\bin\ixapi.tests\release\ixapi.tests.dll" id="e271b574-1453-a89b-6e8d-66346cf29d41">
      <Execution id="a65cbbed-957d-422b-97e2-07fd766ad342" />
      <TestMethod codeBase="C:\Users\Omar.Qaid\Desktop\IAX\.artifacts\mcp-contract\bin\IXApi.Tests\release\IXApi.Tests.dll" adapterTypeName="executor://xunit/VsTestRunner3/netcore/" className="IAX.IXApi.Tests.CompanyIsolationTests" name="Administrator_can_select_any_well_formed_company" />
    </UnitTest>
  </TestDefinitions>
  <TestEntries>
    <TestEntry testId="ee1419f2-ae40-30d3-d8da-2a4ecb595fe3" executionId="3ce56693-d611-4076-90db-8f9a13eff81a" testListId="8c84fa94-04c1-424b-9868-57a2d4851a1d" />
    <TestEntry testId="935ed501-9866-ce74-e131-5d268d704fa3" executionId="a7cb1089-d250-4502-a27c-96cdc5802b10" testListId="8c84fa94-04c1-424b-9868-57a2d4851a1d" />
    <TestEntry testId="6109f09e-b3e1-00db-d201-0d47c995bb53" executionId="23954687-106f-42cd-9a9b-7f9f5279a532" testListId="8c84fa94-04c1-424b-9868-57a2d4851a1d" />
    <TestEntry testId="e14e804c-e535-edeb-2b44-fc80c8aabb1f" executionId="c08fd574-81f5-4f67-a0af-d9949ad5d0d9" testListId="8c84fa94-04c1-424b-9868-57a2d4851a1d" />
    <TestEntry testId="089ad025-5f88-3ff4-6f2c-b50a40bc23ee" executionId="088b08d5-4ab4-42f6-819f-416a7eaa15ef" testListId="8c84fa94-04c1-424b-9868-57a2d4851a1d" />
    <TestEntry testId="5161b683-ef0f-e298-ea17-c7c34c4cb41d" executionId="5bb59907-c094-4d09-8554-504284535362" testListId="8c84fa94-04c1-424b-9868-57a2d4851a1d" />
    <TestEntry testId="b0a2737b-d115-4824-6448-090412fdf8f9" executionId="1723c227-9a4a-4c0d-89e9-b65a699f9593" testListId="8c84fa94-04c1-424b-9868-57a2d4851a1d" />
    <TestEntry testId="771770ab-99e4-d8c8-d160-4f1ea20ebd43" executionId="67b688b2-27db-43bc-99b4-b9aad4c4d04c" testListId="8c84fa94-04c1-424b-9868-57a2d4851a1d" />
    <TestEntry testId="a24598c9-bc31-f52c-fcbc-616b457c02ad" executionId="8cafa8e2-6d8e-4290-a125-31b9579bdb59" testListId="8c84fa94-04c1-424b-9868-57a2d4851a1d" />
    <TestEntry testId="5a18e466-88ca-0f9f-a7ee-d84785ba167f" executionId="7250c8e5-27da-4332-ba15-98b1e92ee560" testListId="8c84fa94-04c1-424b-9868-57a2d4851a1d" />
    <TestEntry testId="d6c07c78-38c3-78eb-1a2b-53b643e71366" executionId="1454aae0-16f8-407d-93ec-2274dfd568bf" testListId="8c84fa94-04c1-424b-9868-57a2d4851a1d" />
    <TestEntry testId="dd3a055c-a9e2-42b5-5ec2-5feebe943f28" executionId="2b7e104d-3619-4c37-87f5-0af44aba46c0" testListId="8c84fa94-04c1-424b-9868-57a2d4851a1d" />
    <TestEntry testId="ea292e32-745b-5be2-0138-2ce3802ff164" executionId="d414a4c9-b472-452c-a41f-d076b2ec3c94" testListId="8c84fa94-04c1-424b-9868-57a2d4851a1d" />
    <TestEntry testId="9c9bac0f-2170-5d06-44cb-e2be6e6bb5db" executionId="62f4fb98-d67b-46ad-8b43-8aa8c42da06a" testListId="8c84fa94-04c1-424b-9868-57a2d4851a1d" />
    <TestEntry testId="cd6e5001-6d1c-41f0-ce4e-8551914e18c7" executionId="93b7f845-0662-431e-a2bf-bfa98f1f3407" testListId="8c84fa94-04c1-424b-9868-57a2d4851a1d" />
    <TestEntry testId="a0afdd12-c412-128e-4e6c-0651bb82e8f4" executionId="9418764d-1a6c-47c4-86d8-53c1e37fb667" testListId="8c84fa94-04c1-424b-9868-57a2d4851a1d" />
    <TestEntry testId="e271b574-1453-a89b-6e8d-66346cf29d41" executionId="a65cbbed-957d-422b-97e2-07fd766ad342" testListId="8c84fa94-04c1-424b-9868-57a2d4851a1d" />
    <TestEntry testId="8b826df1-ea95-5772-df07-3012c686bcbb" executionId="456bac76-9efd-4c96-a5e9-b808100f791e" testListId="8c84fa94-04c1-424b-9868-57a2d4851a1d" />
    <TestEntry testId="bd65bba4-15d1-6c6b-61b5-e0088bcf69a6" executionId="c92f32ef-48a9-4e51-97e9-fae7b2dfe428" testListId="8c84fa94-04c1-424b-9868-57a2d4851a1d" />
    <TestEntry testId="4ce0a9a7-d2a9-79a5-df0b-e1797f5e11a9" executionId="bc8e0ce8-0e37-4d5b-8621-682451051ef4" testListId="8c84fa94-04c1-424b-9868-57a2d4851a1d" />
    <TestEntry testId="054374cb-c105-a655-b211-7049f15d4211" executionId="a5a95a2a-ad34-4e8d-80f6-9f7838d81ab0" testListId="8c84fa94-04c1-424b-9868-57a2d4851a1d" />
    <TestEntry testId="5c9dc6aa-05d2-ef4c-453f-09fd9a516cc9" executionId="c73b1625-81f8-4f76-966f-500e28bfd6d8" testListId="8c84fa94-04c1-424b-9868-57a2d4851a1d" />
    <TestEntry testId="c6feb29a-9816-6aed-65d7-0ea6cdbce324" executionId="80705295-78d4-4e8a-b5b5-29d45e181e48" testListId="8c84fa94-04c1-424b-9868-57a2d4851a1d" />
    <TestEntry testId="2e193dd7-a207-585d-df59-692d2bf7e420" executionId="246419b5-6f2f-466b-8b8d-9df95620a231" testListId="8c84fa94-04c1-424b-9868-57a2d4851a1d" />
    <TestEntry testId="33750dfd-748e-fab8-5de3-b0331850ffdd" executionId="5d648b05-2aea-4842-9655-e774c139ae10" testListId="8c84fa94-04c1-424b-9868-57a2d4851a1d" />
    <TestEntry testId="4a0bab09-51f1-bd2f-9ce9-a797dde64c1b" executionId="9b9bd7e5-ffdb-40ec-aa78-ff5350791e23" testListId="8c84fa94-04c1-424b-9868-57a2d4851a1d" />
    <TestEntry testId="6209c318-9aa8-2757-90d1-48a4e15bdbdc" executionId="fe5c39d0-a076-4adf-9338-0d5ac2643b9b" testListId="8c84fa94-04c1-424b-9868-57a2d4851a1d" />
    <TestEntry testId="fcdd2104-60f1-2c1e-d2e2-f027c27caa24" executionId="8b63644e-ee17-4314-8bfd-fc08020fe74f" testListId="8c84fa94-04c1-424b-9868-57a2d4851a1d" />
    <TestEntry testId="806133ff-38c0-f0ff-bae1-d17e18534f7c" executionId="4d68579c-7cd1-4463-9ae6-74bf386f8377" testListId="8c84fa94-04c1-424b-9868-57a2d4851a1d" />
    <TestEntry testId="e58d3a11-3867-32ed-cdbf-a9e0692bcf77" executionId="35c4c8e8-0815-42d9-b7db-c1f0b8aa5b14" testListId="8c84fa94-04c1-424b-9868-57a2d4851a1d" />
  </TestEntries>
  <TestLists>
    <TestList name="Results Not in a List" id="8c84fa94-04c1-424b-9868-57a2d4851a1d" />
    <TestList name="All Loaded Results" id="19431567-8539-422a-85d7-44ee4e166bda" />
  </TestLists>
  <ResultSummary outcome="Completed">
    <Counters total="30" executed="30" passed="30" failed="0" error="0" timeout="0" aborted="0" inconclusive="0" passedButRunAborted="0" notRunnable="0" notExecuted="0" disconnected="0" warning="0" completed="0" inProgress="0" pending="0" />
    <Output>
      <StdOut>[xUnit.net 00:00:00.00] xUnit.net VSTest Adapter v3.1.0+00ab0a9ec4 (64-bit .NET 9.0.20)&#xD;
[xUnit.net 00:00:00.16]   Discovering: IXApi.Tests&#xD;
[xUnit.net 00:00:00.27]   Discovered:  IXApi.Tests&#xD;
[xUnit.net 00:00:00.31]   Starting:    IXApi.Tests&#xD;
[xUnit.net 00:00:10.96]   Finished:    IXApi.Tests&#xD;
</StdOut>
    </Output>
  </ResultSummary>
</TestRun>